<?xml version="1.0" encoding="UTF-8"?>
<!-- Generated by org.testng.reporters.JUnitReportReporter -->
<testsuite skipped="0" hostname="DESKTOP-6IP7VMK" name="testNgConcept.CrmTestNG" tests="2" failures="0" timestamp="2020-11-07T22:13:39 EST" time="19.064" errors="0">
  <testcase name="loginTest" time="8.502" classname="testNgConcept.CrmTestNG"/>
  <system-out/>
  <testcase name="addCustomerTest" time="10.562" classname="testNgConcept.CrmTestNG"/>
  <system-out/>
</testsuite> <!-- testNgConcept.CrmTestNG -->
